<?xml version="1.0" encoding="UTF-8"?>
<!-- Generated by org.testng.reporters.JUnitXMLReporter -->
<testsuite ignored="2" hostname="LIN49004476" failures="1" tests="3" name="Test" time="18.648" errors="0" timestamp="2023-11-01T21:04:58 IST">
  <testcase classname="TestCases.OrangeHRMTest" name="loginPageTest" time="0.03">
    <failure type="java.lang.AssertionError" message="The following asserts failed:
	expected [false] but found [true]">
      <![CDATA[java.lang.AssertionError: The following asserts failed:
expected [false] but found [true]
at TestCases.OrangeHRMTest.loginPageTest(OrangeHRMTest.java:19)
at java.base/java.util.ArrayList.forEach(ArrayList.java:1541)
... Removed 29 stack frames]]>
    </failure>
  </testcase> <!-- loginPageTest -->
  <testcase classname="TestCases.OrangeHRMTest" name="loginTest" time="0.004"/>
  <testcase classname="TestCases.OrangeHRMTest" name="sampleCase" time="0.002"/>
  <testcase classname="TestCases.BaseClass" name="@AfterSuite AfterSuite" time="0.0">
    <ignored/>
  </testcase> <!-- @AfterSuite AfterSuite -->
  <testcase classname="TestCases.BaseClass" name="@BeforeSuite BeforeSuite" time="0.0">
    <ignored/>
  </testcase> <!-- @BeforeSuite BeforeSuite -->
</testsuite> <!-- Test -->
